<?xml version="1.0" encoding="UTF-8"?>
<testsuite name="BankTest" tests="4" skipped="0" failures="0" errors="0" timestamp="2021-08-24T16:43:35" hostname="ehtishams-MBP.cust.communityfibre.co.uk" time="0.045">
  <properties/>
  <testcase name="depositsMoneyToBank()" classname="BankTest" time="0.033"/>
  <testcase name="checkBalance()" classname="BankTest" time="0.002"/>
  <testcase name="raiseExceptionInsufficientBalance()" classname="BankTest" time="0.005"/>
  <testcase name="withdrawMoneyFromBank()" classname="BankTest" time="0.002"/>
  <system-out><![CDATA[]]></system-out>
  <system-err><![CDATA[]]></system-err>
</testsuite>
