<?xml version="1.0" encoding="UTF-8"?>
<testsuite name="BankTest" tests="2" skipped="0" failures="0" errors="0" timestamp="2021-08-24T13:03:58" hostname="ehtishams-MBP.cust.communityfibre.co.uk" time="0.033">
  <properties/>
  <testcase name="depositsMoneyToBank()" classname="BankTest" time="0.03"/>
  <testcase name="checkBalance()" classname="BankTest" time="0.001"/>
  <system-out><![CDATA[]]></system-out>
  <system-err><![CDATA[]]></system-err>
</testsuite>
